[2023-05-30 08:45:26,048][__main__][INFO] - ========== hydra config =========
[2023-05-30 08:45:26,050][__main__][INFO] - mode:train
[2023-05-30 08:45:26,050][__main__][INFO] - encoder_type:bert-base-uncased
[2023-05-30 08:45:26,050][__main__][INFO] - max_seq_len:128
[2023-05-30 08:45:26,050][__main__][INFO] - dataset_path:data/nyt_star
[2023-05-30 08:45:26,051][__main__][INFO] - batch_size:32
[2023-05-30 08:45:26,051][__main__][INFO] - epochs:10
[2023-05-30 08:45:26,051][__main__][INFO] - lr:5e-05
[2023-05-30 08:45:26,051][__main__][INFO] - ========== device: cpu =========
[2023-05-30 08:45:27,172][root][INFO] - load tokenizer from /Users/liuyilin/Downloads/2023上海人工智能中心/SchemeFree_RE/data/nyt_star/ent_decoder_tokenizer
[2023-05-30 08:45:27,178][root][INFO] - load tokenizer from /Users/liuyilin/Downloads/2023上海人工智能中心/SchemeFree_RE/data/nyt_star/rel_decoder_tokenizer
[2023-05-30 08:45:38,085][data_utils][INFO] - Reading tasks from data/nyt_star/train_data.json...
[2023-05-30 08:45:38,086][data_utils][INFO] - For decoder output, the ent label and rel label separator are [SEP](0) and [SEP](0)
[2023-05-30 08:46:18,714][data_utils][INFO] - Get 56189 instances from file : train_data.json
[2023-05-30 08:46:18,936][data_utils][INFO] - Reading tasks from data/nyt_star/valid_data.json...
[2023-05-30 08:46:18,936][data_utils][INFO] - For decoder output, the ent label and rel label separator are [SEP](0) and [SEP](0)
[2023-05-30 08:46:22,292][data_utils][INFO] - Get 4999 instances from file : valid_data.json
[2023-05-30 08:46:22,301][__main__][INFO] - batch_size is 32 , train batch num: 1756, valid batch num: 79
[2023-05-30 08:46:22,335][torch.distributed.nn.jit.instantiator][INFO] - Created a temporary directory at /var/folders/0c/xb36r3ss6j18_jc5lnrkcpfm0000gn/T/tmprdsya2az
[2023-05-30 08:46:22,335][torch.distributed.nn.jit.instantiator][INFO] - Writing /var/folders/0c/xb36r3ss6j18_jc5lnrkcpfm0000gn/T/tmprdsya2az/_remote_module_non_sriptable.py
[2023-05-30 08:46:22,377][root][INFO] - Get pytorch_lightning trainer
